c:\users\student\desktop\command_game\ploject\3d_game\mydxlibgame3d\debug\vc140.pdb
c:\users\student\desktop\command_game\ploject\3d_game\mydxlibgame3d\debug\vc140.idb
c:\users\student\desktop\command_game\ploject\3d_game\mydxlibgame3d\debug\battle.obj
c:\users\student\desktop\command_game\ploject\3d_game\mydxlibgame3d\debug\camera.obj
c:\users\student\desktop\command_game\ploject\3d_game\mydxlibgame3d\debug\enemy.obj
c:\users\student\desktop\command_game\ploject\3d_game\mydxlibgame3d\debug\function.obj
c:\users\student\desktop\command_game\ploject\3d_game\mydxlibgame3d\debug\inputkey.obj
c:\users\student\desktop\command_game\ploject\3d_game\mydxlibgame3d\debug\main.obj
c:\users\student\desktop\command_game\ploject\3d_game\mydxlibgame3d\debug\map.obj
c:\users\student\desktop\command_game\ploject\3d_game\mydxlibgame3d\debug\player.obj
c:\users\student\desktop\command_game\ploject\3d_game\mydxlibgame3d\debug\title.obj
c:\users\student\desktop\command_game\ploject\3d_game\mydxlibgame3d\debug\bitmaptext.obj
c:\users\student\desktop\command_game\ploject\3d_game\mydxlibgame3d\debug\comment_string.obj
c:\users\student\desktop\command_game\ploject\3d_game\debug\3d_game.ilk
c:\users\student\desktop\command_game\ploject\3d_game\debug\3d_game.exe
c:\users\student\desktop\command_game\ploject\3d_game\debug\3d_game.pdb
c:\users\student\desktop\command_game\ploject\3d_game\mydxlibgame3d\debug\3d_game.tlog\cl.command.1.tlog
c:\users\student\desktop\command_game\ploject\3d_game\mydxlibgame3d\debug\3d_game.tlog\cl.read.1.tlog
c:\users\student\desktop\command_game\ploject\3d_game\mydxlibgame3d\debug\3d_game.tlog\cl.write.1.tlog
c:\users\student\desktop\command_game\ploject\3d_game\mydxlibgame3d\debug\3d_game.tlog\link.command.1.tlog
c:\users\student\desktop\command_game\ploject\3d_game\mydxlibgame3d\debug\3d_game.tlog\link.read.1.tlog
c:\users\student\desktop\command_game\ploject\3d_game\mydxlibgame3d\debug\3d_game.tlog\link.write.1.tlog
