c:\users\student\desktop\riku\command_game\ploject\3d_game\mydxlibgame3d\debug\vc140.pdb
c:\users\owner\desktop\riku\command_game\ploject\3d_game\mydxlibgame3d\debug\vc140.pdb
c:\users\owner\desktop\riku\command_game\ploject\3d_game\mydxlibgame3d\debug\vc140.idb
c:\users\owner\desktop\riku\command_game\ploject\3d_game\mydxlibgame3d\debug\battle.obj
c:\users\owner\desktop\riku\command_game\ploject\3d_game\mydxlibgame3d\debug\bitmaptext.obj
c:\users\owner\desktop\riku\command_game\ploject\3d_game\mydxlibgame3d\debug\camera.obj
c:\users\owner\desktop\riku\command_game\ploject\3d_game\mydxlibgame3d\debug\comment_string.obj
c:\users\owner\desktop\riku\command_game\ploject\3d_game\mydxlibgame3d\debug\effect.obj
c:\users\owner\desktop\riku\command_game\ploject\3d_game\mydxlibgame3d\debug\enemy.obj
c:\users\owner\desktop\riku\command_game\ploject\3d_game\mydxlibgame3d\debug\field.obj
c:\users\owner\desktop\riku\command_game\ploject\3d_game\mydxlibgame3d\debug\function.obj
c:\users\owner\desktop\riku\command_game\ploject\3d_game\mydxlibgame3d\debug\inputkey.obj
c:\users\owner\desktop\riku\command_game\ploject\3d_game\mydxlibgame3d\debug\load.obj
c:\users\owner\desktop\riku\command_game\ploject\3d_game\mydxlibgame3d\debug\memory.obj
c:\users\owner\desktop\riku\command_game\ploject\3d_game\mydxlibgame3d\debug\main.obj
c:\users\owner\desktop\riku\command_game\ploject\3d_game\mydxlibgame3d\debug\map.obj
c:\users\owner\desktop\riku\command_game\ploject\3d_game\mydxlibgame3d\debug\music.obj
c:\users\owner\desktop\riku\command_game\ploject\3d_game\mydxlibgame3d\debug\player.obj
c:\users\owner\desktop\riku\command_game\ploject\3d_game\mydxlibgame3d\debug\title.obj
c:\users\owner\desktop\riku\command_game\ploject\3d_game\mydxlibgame3d\debug\window.obj
c:\users\owner\desktop\riku\command_game\ploject\3d_game\mydxlibgame3d\debug\npc.obj
c:\users\student\desktop\riku\command_game\ploject\3d_game\mydxlibgame3d\game.ilk
c:\users\student\desktop\riku\command_game\ploject\3d_game\mydxlibgame3d\game.exe
c:\users\student\desktop\riku\command_game\ploject\3d_game\mydxlibgame3d\game.pdb
c:\users\owner\desktop\riku\command_game\ploject\3d_game\mydxlibgame3d\game.ilk
c:\users\owner\desktop\riku\command_game\ploject\3d_game\mydxlibgame3d\game.exe
c:\users\owner\desktop\riku\command_game\ploject\3d_game\mydxlibgame3d\game.pdb
c:\users\owner\desktop\riku\command_game\ploject\3d_game\\mydxlibgame3d\game.pdb
c:\users\owner\desktop\riku\command_game\ploject\3d_game\\mydxlibgame3d\game.exe
c:\users\owner\desktop\riku\command_game\ploject\3d_game\\mydxlibgame3d\game.ilk
c:\users\owner\desktop\riku\command_game\ploject\3d_game\mydxlibgame3d\debug\3d_game.tlog\cl.command.1.tlog
c:\users\owner\desktop\riku\command_game\ploject\3d_game\mydxlibgame3d\debug\3d_game.tlog\cl.read.1.tlog
c:\users\owner\desktop\riku\command_game\ploject\3d_game\mydxlibgame3d\debug\3d_game.tlog\cl.write.1.tlog
c:\users\owner\desktop\riku\command_game\ploject\3d_game\mydxlibgame3d\debug\3d_game.tlog\link.command.1.tlog
c:\users\owner\desktop\riku\command_game\ploject\3d_game\mydxlibgame3d\debug\3d_game.tlog\link.read.1.tlog
c:\users\owner\desktop\riku\command_game\ploject\3d_game\mydxlibgame3d\debug\3d_game.tlog\link.write.1.tlog
