C:\Program Files (x86)\MSBuild\Microsoft.Cpp\v4.0\V140\Microsoft.CppBuild.targets(392,5): warning MSB8028: The intermediate directory (Debug\) contains files shared from another project (MyDxLibGame3D.vcxproj).  This can lead to incorrect clean and rebuild behavior.
  field.cpp
  コードを生成中...
  コンパイル中...
  window.cpp
  title.cpp
  player.cpp
  music.cpp
  memory.cpp
  map.cpp
  main.cpp
  load.cpp
  function.cpp
  enemy.cpp
  effect.cpp
  comment_string.cpp
  camera.cpp
  battle.cpp
  コードを生成中...
  npc.cpp
  MyDxLibGame3D.vcxproj -> C:\Users\OWNER\Desktop\Riku\command_game\ploject\3d_game\\MyDxLibGame3D\game.exe
  MyDxLibGame3D.vcxproj -> C:\Users\OWNER\Desktop\Riku\command_game\ploject\3d_game\\MyDxLibGame3D\game.pdb (Full PDB)
