  battle.cpp
battle.cpp(1450): warning C4244: '引数': 'int' から 'float' への変換です。データが失われる可能性があります。
  camera.cpp
  comment_string.cpp
  effect.cpp
  enemy.cpp
  field.cpp
  function.cpp
  load.cpp
  main.cpp
  map.cpp
  memory.cpp
  music.cpp
  npc.cpp
  player.cpp
  title.cpp
  window.cpp
  コード生成しています。
  1 of 460 functions ( 0.2%) were compiled, the rest were copied from previous compilation.
    0 functions were new in current compilation
    1 functions had inline decision re-evaluated but remain unchanged
  コード生成が終了しました。
EffekseerForDXLib_vs2015_x86.lib(EffekseerForDXLib.obj) : warning LNK4099: PDB 'EffekseerForDXLib_vs2015.pdb' が 'EffekseerForDXLib_vs2015_x86.lib(EffekseerForDXLib.obj)' で、または 'C:\Users\OWNER\Desktop\Riku\command_game\ploject\3d_game\EffekseerForDXLib_vs2015.pdb' に見つかりません。デバッグ情報がないものとして、オブジェクトにリンクします。
  MyDxLibGame3D.vcxproj -> C:\Users\OWNER\Desktop\Riku\command_game\ploject\3d_game\game.exe
  MyDxLibGame3D.vcxproj -> C:\Users\OWNER\Desktop\Riku\command_game\ploject\3d_game\game.pdb (Full PDB)
